<?xml version="1.0" encoding="UTF-8"?>
<!-- Generated by org.testng.reporters.JUnitReportReporter -->
<testsuite skipped="1" hostname="DESKTOP-HUUPGQP" name="IBM.RestAssured_project.restassuredday1" tests="2" failures="0" timestamp="11 Mar 2022 05:00:06 GMT" time="3.503" errors="0">
  <testcase name="Testcase2" time="3.503" classname="IBM.RestAssured_project.restassuredday1"/>
  <testcase name="Testcase" classname="IBM.RestAssured_project.restassuredday1">
    <skipped/>
  </testcase> <!-- Testcase -->
</testsuite> <!-- IBM.RestAssured_project.restassuredday1 -->
