<?xml version="1.0" encoding="UTF-8"?>
<!-- Generated by org.testng.reporters.JUnitReportReporter -->
<testsuite skipped="0" hostname="DESKTOP-HUUPGQP" name="RESTproject.ProjectWork" tests="5" failures="0" timestamp="16 Mar 2022 08:21:48 GMT" time="10.188" errors="0">
  <testcase name="createuser" time="4.489" classname="RESTproject.ProjectWork"/>
  <testcase name="deleteuser" time="1.500" classname="RESTproject.ProjectWork"/>
  <testcase name="userLogin" time="1.390" classname="RESTproject.ProjectWork"/>
  <testcase name="userLogout" time="1.430" classname="RESTproject.ProjectWork"/>
  <testcase name="updateuser" time="1.379" classname="RESTproject.ProjectWork"/>
</testsuite> <!-- RESTproject.ProjectWork -->
